Logfile initialized
[INFO] logfile = /Users/toddshelton/Documents/Titanium Studio Workspace/ListAndPicker/build.log
[DEBUG] /Users/toddshelton/Library/Application Support/Titanium/mobilesdk/osx/2.1.2.GA/android/builder.py simulator ListAndPicker /Users/toddshelton/Documents/Android /Users/toddshelton/Documents/Titanium Studio Workspace/ListAndPicker com.thedevbox.us.ListAndPicker 3 HVGA 
[INFO] Building ListAndPicker for Android ... one moment
[INFO] Titanium SDK version: 2.1.2 (08/24/12 14:46 ed7f777)
[DEBUG] Waiting for device to be ready ...
[TRACE] adb devices returned 1 devices/emulators
[TRACE] adb devices returned 1 devices/emulators
[TRACE] adb devices returned 1 devices/emulators
[TRACE] adb devices returned 1 devices/emulators
[TRACE] adb devices returned 1 devices/emulators
[TRACE] adb devices returned 1 devices/emulators
[TRACE] adb devices returned 1 devices/emulators
[TRACE] adb devices returned 1 devices/emulators
[TRACE] adb devices returned 1 devices/emulators
[TRACE] adb devices returned 1 devices/emulators
[TRACE] adb devices returned 1 devices/emulators
[TRACE] adb devices returned 1 devices/emulators
[TRACE] adb devices returned 1 devices/emulators
[TRACE] adb devices returned 1 devices/emulators
[TRACE] adb devices returned 1 devices/emulators
[TRACE] adb devices returned 1 devices/emulators
[TRACE] adb devices returned 1 devices/emulators
[TRACE] adb devices returned 1 devices/emulators
[TRACE] adb devices returned 1 devices/emulators
[TRACE] adb devices returned 1 devices/emulators
[TRACE] adb devices returned 1 devices/emulators
[TRACE] adb devices returned 1 devices/emulators
[TRACE] adb devices returned 1 devices/emulators
[TRACE] adb devices returned 1 devices/emulators
[TRACE] adb devices returned 1 devices/emulators
[TRACE] adb devices returned 1 devices/emulators
[TRACE] adb devices returned 1 devices/emulators
[TRACE] adb devices returned 1 devices/emulators
[TRACE] adb devices returned 1 devices/emulators
[TRACE] adb devices returned 1 devices/emulators
[ERROR] Timed out waiting for emulator to be ready, you may need to close the emulator and try again
[DEBUG] com.thedevbox.us.ListAndPicker installed? False
[INFO] Fastdev server running, deploying in Fastdev mode
[INFO] Copying CommonJS modules...
[INFO] Copying project resources..
[TRACE] COPYING MODIFIED FILE: /Users/toddshelton/Documents/Titanium Studio Workspace/ListAndPicker/Resources/app.js => /Users/toddshelton/Documents/Titanium Studio Workspace/ListAndPicker/build/android/bin/assets/Resources/app.js
[TRACE] COPYING MODIFIED FILE: /Users/toddshelton/Documents/Titanium Studio Workspace/ListAndPicker/Resources/ui/AppWindow.js => /Users/toddshelton/Documents/Titanium Studio Workspace/ListAndPicker/build/android/bin/assets/Resources/ui/AppWindow.js
[TRACE] COPYING MODIFIED FILE: /Users/toddshelton/Documents/Titanium Studio Workspace/ListAndPicker/Resources/ui/PickerView.js => /Users/toddshelton/Documents/Titanium Studio Workspace/ListAndPicker/build/android/bin/assets/Resources/ui/PickerView.js
[TRACE] Generating Java Classes
[DEBUG] Processing Android resource drawables
[DEBUG] copying app icon: /Users/toddshelton/Documents/Titanium Studio Workspace/ListAndPicker/build/android/bin/assets/Resources/appicon.png
[DEBUG] generating theme.xml
[DEBUG] found drawable-long-land-hdpi splash screen at /Users/toddshelton/Documents/Titanium Studio Workspace/ListAndPicker/Resources/android/images/res-long-land-hdpi/default.png
[DEBUG] copying /Users/toddshelton/Documents/Titanium Studio Workspace/ListAndPicker/Resources/android/images/res-long-land-hdpi/default.png splash screen to /Users/toddshelton/Documents/Titanium Studio Workspace/ListAndPicker/build/android/res/drawable-long-land-hdpi/background.png
[DEBUG] found drawable-long-land-ldpi splash screen at /Users/toddshelton/Documents/Titanium Studio Workspace/ListAndPicker/Resources/android/images/res-long-land-ldpi/default.png
[DEBUG] copying /Users/toddshelton/Documents/Titanium Studio Workspace/ListAndPicker/Resources/android/images/res-long-land-ldpi/default.png splash screen to /Users/toddshelton/Documents/Titanium Studio Workspace/ListAndPicker/build/android/res/drawable-long-land-ldpi/background.png
[DEBUG] found drawable-long-port-hdpi splash screen at /Users/toddshelton/Documents/Titanium Studio Workspace/ListAndPicker/Resources/android/images/res-long-port-hdpi/default.png
[DEBUG] copying /Users/toddshelton/Documents/Titanium Studio Workspace/ListAndPicker/Resources/android/images/res-long-port-hdpi/default.png splash screen to /Users/toddshelton/Documents/Titanium Studio Workspace/ListAndPicker/build/android/res/drawable-long-port-hdpi/background.png
[DEBUG] found drawable-long-port-ldpi splash screen at /Users/toddshelton/Documents/Titanium Studio Workspace/ListAndPicker/Resources/android/images/res-long-port-ldpi/default.png
[DEBUG] copying /Users/toddshelton/Documents/Titanium Studio Workspace/ListAndPicker/Resources/android/images/res-long-port-ldpi/default.png splash screen to /Users/toddshelton/Documents/Titanium Studio Workspace/ListAndPicker/build/android/res/drawable-long-port-ldpi/background.png
[DEBUG] found drawable-notlong-land-hdpi splash screen at /Users/toddshelton/Documents/Titanium Studio Workspace/ListAndPicker/Resources/android/images/res-notlong-land-hdpi/default.png
[DEBUG] copying /Users/toddshelton/Documents/Titanium Studio Workspace/ListAndPicker/Resources/android/images/res-notlong-land-hdpi/default.png splash screen to /Users/toddshelton/Documents/Titanium Studio Workspace/ListAndPicker/build/android/res/drawable-notlong-land-hdpi/background.png
[DEBUG] found drawable-notlong-land-ldpi splash screen at /Users/toddshelton/Documents/Titanium Studio Workspace/ListAndPicker/Resources/android/images/res-notlong-land-ldpi/default.png
[DEBUG] copying /Users/toddshelton/Documents/Titanium Studio Workspace/ListAndPicker/Resources/android/images/res-notlong-land-ldpi/default.png splash screen to /Users/toddshelton/Documents/Titanium Studio Workspace/ListAndPicker/build/android/res/drawable-notlong-land-ldpi/background.png
[DEBUG] found drawable-notlong-land-mdpi splash screen at /Users/toddshelton/Documents/Titanium Studio Workspace/ListAndPicker/Resources/android/images/res-notlong-land-mdpi/default.png
[DEBUG] copying /Users/toddshelton/Documents/Titanium Studio Workspace/ListAndPicker/Resources/android/images/res-notlong-land-mdpi/default.png splash screen to /Users/toddshelton/Documents/Titanium Studio Workspace/ListAndPicker/build/android/res/drawable-notlong-land-mdpi/background.png
[DEBUG] found drawable-notlong-port-hdpi splash screen at /Users/toddshelton/Documents/Titanium Studio Workspace/ListAndPicker/Resources/android/images/res-notlong-port-hdpi/default.png
[DEBUG] copying /Users/toddshelton/Documents/Titanium Studio Workspace/ListAndPicker/Resources/android/images/res-notlong-port-hdpi/default.png splash screen to /Users/toddshelton/Documents/Titanium Studio Workspace/ListAndPicker/build/android/res/drawable-notlong-port-hdpi/background.png
[DEBUG] found drawable-notlong-port-ldpi splash screen at /Users/toddshelton/Documents/Titanium Studio Workspace/ListAndPicker/Resources/android/images/res-notlong-port-ldpi/default.png
[DEBUG] copying /Users/toddshelton/Documents/Titanium Studio Workspace/ListAndPicker/Resources/android/images/res-notlong-port-ldpi/default.png splash screen to /Users/toddshelton/Documents/Titanium Studio Workspace/ListAndPicker/build/android/res/drawable-notlong-port-ldpi/background.png
[DEBUG] found drawable-notlong-port-mdpi splash screen at /Users/toddshelton/Documents/Titanium Studio Workspace/ListAndPicker/Resources/android/images/res-notlong-port-mdpi/default.png
[DEBUG] copying /Users/toddshelton/Documents/Titanium Studio Workspace/ListAndPicker/Resources/android/images/res-notlong-port-mdpi/default.png splash screen to /Users/toddshelton/Documents/Titanium Studio Workspace/ListAndPicker/build/android/res/drawable-notlong-port-mdpi/background.png
[DEBUG] found splash screen at /Users/toddshelton/Documents/Titanium Studio Workspace/ListAndPicker/build/android/bin/assets/Resources/default.png
[TRACE] Writing out AndroidManifest.xml
[DEBUG] adding /Users/toddshelton/Documents/Titanium Studio Workspace/ListAndPicker/build/android/gen/com/thedevbox/us/ListAndPicker/ListandpickerActivity.java to javac build list
[DEBUG] adding /Users/toddshelton/Documents/Titanium Studio Workspace/ListAndPicker/build/android/gen/com/thedevbox/us/ListAndPicker/ListandpickerAppInfo.java to javac build list
[DEBUG] adding /Users/toddshelton/Documents/Titanium Studio Workspace/ListAndPicker/build/android/gen/com/thedevbox/us/ListAndPicker/ListandpickerApplication.java to javac build list
[DEBUG] adding /Users/toddshelton/Documents/Titanium Studio Workspace/ListAndPicker/build/android/gen/com/thedevbox/us/ListAndPicker/R.java to javac build list
[DEBUG] Building Java Sources: "/Users/toddshelton/Documents/Titanium Studio Workspace/ListAndPicker/build/android/gen/com/thedevbox/us/ListAndPicker/ListandpickerActivity.java" "/Users/toddshelton/Documents/Titanium Studio Workspace/ListAndPicker/build/android/gen/com/thedevbox/us/ListAndPicker/ListandpickerAppInfo.java" "/Users/toddshelton/Documents/Titanium Studio Workspace/ListAndPicker/build/android/gen/com/thedevbox/us/ListAndPicker/ListandpickerApplication.java" "/Users/toddshelton/Documents/Titanium Studio Workspace/ListAndPicker/build/android/gen/com/thedevbox/us/ListAndPicker/R.java"
[INFO] Waiting for SDCard to become available..
[ERROR] Error checking for SDCard using 'mount'
[INFO] Compiling Android Resources... This could take some time
